# JRE version: OpenJDK Runtime Environment (17.0.7) (build 17.0.7+0-b2043.56-10550314)
# Java VM: OpenJDK 64-Bit Server VM (17.0.7+0-b2043.56-10550314, mixed mode, tiered, compressed oops, compressed class ptrs, g1 gc, windows-amd64)
GC Precious Log:
 CPUs: 4 total, 4 available
 Memory: 8099M
 Large Page Support: Disabled
 NUMA Support: Disabled
 Compressed Oops: Enabled (32-bit)
 Heap Region Size: 1M
 Heap Min Capacity: 8M
 Heap Initial Capacity: 128M
 Heap Max Capacity: 2G
 Pre-touch: Disabled
 Parallel Workers: 4
 Concurrent Workers: 1
 Concurrent Refinement Workers: 4
 Periodic GC: Disabled
Heap:
 garbage-first heap   total 124928K, used 69589K [0x0000000080000000, 0x0000000100000000)
  region size 1024K, 2 young (2048K), 2 survivors (2048K)
 Metaspace       used 64534K, committed 65152K, reserved 1114112K
  class space    used 8624K, committed 8896K, reserved 1048576K
GC Heap History (20 events):
Event: 5.306 GC heap before
{Heap before GC invocations=12 (full 0):
 garbage-first heap   total 82944K, used 63653K [0x0000000080000000, 0x0000000100000000)
  region size 1024K, 35 young (35840K), 3 survivors (3072K)
 Metaspace       used 47321K, committed 47744K, reserved 1114112K
  class space    used 6319K, committed 6464K, reserved 1048576K
}
Event: 5.313 GC heap after
{Heap after GC invocations=13 (full 0):
 garbage-first heap   total 82944K, used 35837K [0x0000000080000000, 0x0000000100000000)
  region size 1024K, 5 young (5120K), 5 survivors (5120K)
 Metaspace       used 47321K, committed 47744K, reserved 1114112K
  class space    used 6319K, committed 6464K, reserved 1048576K
}
Event: 5.671 GC heap before
{Heap before GC invocations=13 (full 0):
 garbage-first heap   total 82944K, used 65533K [0x0000000080000000, 0x0000000100000000)
  region size 1024K, 33 young (33792K), 5 survivors (5120K)
 Metaspace       used 49899K, committed 50368K, reserved 1114112K
  class space    used 6619K, committed 6848K, reserved 1048576K
}
Event: 5.677 GC heap after
{Heap after GC invocations=14 (full 0):
 garbage-first heap   total 82944K, used 38041K [0x0000000080000000, 0x0000000100000000)
  region size 1024K, 2 young (2048K), 2 survivors (2048K)
 Metaspace       used 49899K, committed 50368K, reserved 1114112K
  class space    used 6619K, committed 6848K, reserved 1048576K
}
Event: 6.225 GC heap before
{Heap before GC invocations=14 (full 0):
 garbage-first heap   total 82944K, used 64665K [0x0000000080000000, 0x0000000100000000)
  region size 1024K, 29 young (29696K), 2 survivors (2048K)
 Metaspace       used 53357K, committed 53824K, reserved 1114112K
  class space    used 7167K, committed 7360K, reserved 1048576K
}
Event: 6.229 GC heap after
{Heap after GC invocations=15 (full 0):
 garbage-first heap   total 82944K, used 39538K [0x0000000080000000, 0x0000000100000000)
  region size 1024K, 4 young (4096K), 4 survivors (4096K)
 Metaspace       used 53357K, committed 53824K, reserved 1114112K
  class space    used 7167K, committed 7360K, reserved 1048576K
}
Event: 6.729 GC heap before
{Heap before GC invocations=15 (full 0):
 garbage-first heap   total 82944K, used 65138K [0x0000000080000000, 0x0000000100000000)
  region size 1024K, 29 young (29696K), 4 survivors (4096K)
 Metaspace       used 56075K, committed 56576K, reserved 1114112K
  class space    used 7599K, committed 7808K, reserved 1048576K
}
Event: 6.734 GC heap after
{Heap after GC invocations=16 (full 0):
 garbage-first heap   total 82944K, used 41595K [0x0000000080000000, 0x0000000100000000)
  region size 1024K, 4 young (4096K), 4 survivors (4096K)
 Metaspace       used 56075K, committed 56576K, reserved 1114112K
  class space    used 7599K, committed 7808K, reserved 1048576K
}
Event: 7.099 GC heap before
{Heap before GC invocations=16 (full 0):
 garbage-first heap   total 82944K, used 65147K [0x0000000080000000, 0x0000000100000000)
  region size 1024K, 28 young (28672K), 4 survivors (4096K)
 Metaspace       used 56783K, committed 57280K, reserved 1114112K
  class space    used 7668K, committed 7872K, reserved 1048576K
}
Event: 7.105 GC heap after
{Heap after GC invocations=17 (full 0):
 garbage-first heap   total 100352K, used 46695K [0x0000000080000000, 0x0000000100000000)
  region size 1024K, 4 young (4096K), 4 survivors (4096K)
 Metaspace       used 56783K, committed 57280K, reserved 1114112K
  class space    used 7668K, committed 7872K, reserved 1048576K
}
Event: 7.542 GC heap before
{Heap before GC invocations=18 (full 0):
 garbage-first heap   total 100352K, used 87655K [0x0000000080000000, 0x0000000100000000)
  region size 1024K, 33 young (33792K), 4 survivors (4096K)
 Metaspace       used 57987K, committed 58560K, reserved 1114112K
  class space    used 7820K, committed 8064K, reserved 1048576K
}
Event: 7.550 GC heap after
{Heap after GC invocations=19 (full 0):
 garbage-first heap   total 103424K, used 68148K [0x0000000080000000, 0x0000000100000000)
  region size 1024K, 5 young (5120K), 5 survivors (5120K)
 Metaspace       used 57987K, committed 58560K, reserved 1114112K
  class space    used 7820K, committed 8064K, reserved 1048576K
}
Event: 7.565 GC heap before
{Heap before GC invocations=19 (full 0):
 garbage-first heap   total 103424K, used 68148K [0x0000000080000000, 0x0000000100000000)
  region size 1024K, 6 young (6144K), 5 survivors (5120K)
 Metaspace       used 58037K, committed 58560K, reserved 1114112K
  class space    used 7832K, committed 8064K, reserved 1048576K
}
Event: 7.568 GC heap after
{Heap after GC invocations=20 (full 0):
 garbage-first heap   total 103424K, used 68627K [0x0000000080000000, 0x0000000100000000)
  region size 1024K, 1 young (1024K), 1 survivors (1024K)
 Metaspace       used 58037K, committed 58560K, reserved 1114112K
  class space    used 7832K, committed 8064K, reserved 1048576K
}
Event: 7.729 GC heap before
{Heap before GC invocations=20 (full 0):
 garbage-first heap   total 103424K, used 82963K [0x0000000080000000, 0x0000000100000000)
  region size 1024K, 15 young (15360K), 1 survivors (1024K)
 Metaspace       used 59278K, committed 59904K, reserved 1114112K
  class space    used 8029K, committed 8320K, reserved 1048576K
}
Event: 7.731 GC heap after
{Heap after GC invocations=21 (full 0):
 garbage-first heap   total 103424K, used 68782K [0x0000000080000000, 0x0000000100000000)
  region size 1024K, 1 young (1024K), 1 survivors (1024K)
 Metaspace       used 59278K, committed 59904K, reserved 1114112K
  class space    used 8029K, committed 8320K, reserved 1048576K
}
Event: 7.937 GC heap before
{Heap before GC invocations=22 (full 0):
 garbage-first heap   total 124928K, used 84142K [0x0000000080000000, 0x0000000100000000)
  region size 1024K, 16 young (16384K), 1 survivors (1024K)
 Metaspace       used 60778K, committed 61376K, reserved 1114112K
  class space    used 8209K, committed 8512K, reserved 1048576K
}
Event: 7.940 GC heap after
{Heap after GC invocations=23 (full 0):
 garbage-first heap   total 124928K, used 69152K [0x0000000080000000, 0x0000000100000000)
  region size 1024K, 1 young (1024K), 1 survivors (1024K)
 Metaspace       used 60778K, committed 61376K, reserved 1114112K
  class space    used 8209K, committed 8512K, reserved 1048576K
}
Event: 7.994 GC heap before
{Heap before GC invocations=23 (full 0):
 garbage-first heap   total 124928K, used 73248K [0x0000000080000000, 0x0000000100000000)
  region size 1024K, 6 young (6144K), 1 survivors (1024K)
 Metaspace       used 61379K, committed 61952K, reserved 1114112K
  class space    used 8260K, committed 8512K, reserved 1048576K
}
Event: 7.996 GC heap after
{Heap after GC invocations=24 (full 0):
 garbage-first heap   total 124928K, used 68724K [0x0000000080000000, 0x0000000100000000)
  region size 1024K, 1 young (1024K), 1 survivors (1024K)
 Metaspace       used 61379K, committed 61952K, reserved 1114112K
  class space    used 8260K, committed 8512K, reserved 1048576K
}

