# JRE version: OpenJDK Runtime Environment (17.0.7) (build 17.0.7+0-b2043.56-10550314)
# Java VM: OpenJDK 64-Bit Server VM (17.0.7+0-b2043.56-10550314, mixed mode, tiered, compressed oops, compressed class ptrs, g1 gc, windows-amd64)
GC Precious Log:
 CPUs: 4 total, 4 available
 Memory: 8099M
 Large Page Support: Disabled
 NUMA Support: Disabled
 Compressed Oops: Enabled (32-bit)
 Heap Region Size: 1M
 Heap Min Capacity: 8M
 Heap Initial Capacity: 128M
 Heap Max Capacity: 2G
 Pre-touch: Disabled
 Parallel Workers: 4
 Concurrent Workers: 1
 Concurrent Refinement Workers: 4
 Periodic GC: Disabled
Heap:
 garbage-first heap   total 131072K, used 77701K [0x0000000080000000, 0x0000000100000000)
  region size 1024K, 1 young (1024K), 1 survivors (1024K)
 Metaspace       used 68763K, committed 69376K, reserved 1114112K
  class space    used 9192K, committed 9472K, reserved 1048576K
GC Heap History (20 events):
Event: 6.258 GC heap after
{Heap after GC invocations=16 (full 0):
 garbage-first heap   total 82944K, used 39573K [0x0000000080000000, 0x0000000100000000)
  region size 1024K, 4 young (4096K), 4 survivors (4096K)
 Metaspace       used 54460K, committed 54976K, reserved 1114112K
  class space    used 7355K, committed 7552K, reserved 1048576K
}
Event: 6.754 GC heap before
{Heap before GC invocations=16 (full 0):
 garbage-first heap   total 82944K, used 65173K [0x0000000080000000, 0x0000000100000000)
  region size 1024K, 29 young (29696K), 4 survivors (4096K)
 Metaspace       used 56561K, committed 57024K, reserved 1114112K
  class space    used 7638K, committed 7808K, reserved 1048576K
}
Event: 6.761 GC heap after
{Heap after GC invocations=17 (full 0):
 garbage-first heap   total 82944K, used 42294K [0x0000000080000000, 0x0000000100000000)
  region size 1024K, 4 young (4096K), 4 survivors (4096K)
 Metaspace       used 56561K, committed 57024K, reserved 1114112K
  class space    used 7638K, committed 7808K, reserved 1048576K
}
Event: 7.021 GC heap before
{Heap before GC invocations=17 (full 0):
 garbage-first heap   total 82944K, used 62774K [0x0000000080000000, 0x0000000100000000)
  region size 1024K, 26 young (26624K), 4 survivors (4096K)
 Metaspace       used 56966K, committed 57536K, reserved 1114112K
  class space    used 7678K, committed 7936K, reserved 1048576K
}
Event: 7.029 GC heap after
{Heap after GC invocations=18 (full 0):
 garbage-first heap   total 82944K, used 46811K [0x0000000080000000, 0x0000000100000000)
  region size 1024K, 4 young (4096K), 4 survivors (4096K)
 Metaspace       used 56966K, committed 57536K, reserved 1114112K
  class space    used 7678K, committed 7936K, reserved 1048576K
}
Event: 7.239 GC heap before
{Heap before GC invocations=19 (full 0):
 garbage-first heap   total 96256K, used 76507K [0x0000000080000000, 0x0000000100000000)
  region size 1024K, 21 young (21504K), 4 survivors (4096K)
 Metaspace       used 57653K, committed 58176K, reserved 1114112K
  class space    used 7765K, committed 8000K, reserved 1048576K
}
Event: 7.243 GC heap after
{Heap after GC invocations=20 (full 0):
 garbage-first heap   total 96256K, used 66575K [0x0000000080000000, 0x0000000100000000)
  region size 1024K, 3 young (3072K), 3 survivors (3072K)
 Metaspace       used 57653K, committed 58176K, reserved 1114112K
  class space    used 7765K, committed 8000K, reserved 1048576K
}
Event: 7.251 GC heap before
{Heap before GC invocations=20 (full 0):
 garbage-first heap   total 96256K, used 67599K [0x0000000080000000, 0x0000000100000000)
  region size 1024K, 4 young (4096K), 3 survivors (3072K)
 Metaspace       used 57748K, committed 58304K, reserved 1114112K
  class space    used 7775K, committed 8000K, reserved 1048576K
}
Event: 7.253 GC heap after
{Heap after GC invocations=21 (full 0):
 garbage-first heap   total 115712K, used 67549K [0x0000000080000000, 0x0000000100000000)
  region size 1024K, 1 young (1024K), 1 survivors (1024K)
 Metaspace       used 57748K, committed 58304K, reserved 1114112K
  class space    used 7775K, committed 8000K, reserved 1048576K
}
Event: 7.457 GC heap before
{Heap before GC invocations=21 (full 0):
 garbage-first heap   total 115712K, used 85981K [0x0000000080000000, 0x0000000100000000)
  region size 1024K, 20 young (20480K), 1 survivors (1024K)
 Metaspace       used 59186K, committed 59776K, reserved 1114112K
  class space    used 7999K, committed 8256K, reserved 1048576K
}
Event: 7.460 GC heap after
{Heap after GC invocations=22 (full 0):
 garbage-first heap   total 115712K, used 69129K [0x0000000080000000, 0x0000000100000000)
  region size 1024K, 2 young (2048K), 2 survivors (2048K)
 Metaspace       used 59186K, committed 59776K, reserved 1114112K
  class space    used 7999K, committed 8256K, reserved 1048576K
}
Event: 7.703 GC heap before
{Heap before GC invocations=23 (full 0):
 garbage-first heap   total 128000K, used 88585K [0x0000000080000000, 0x0000000100000000)
  region size 1024K, 22 young (22528K), 2 survivors (2048K)
 Metaspace       used 61228K, committed 61824K, reserved 1114112K
  class space    used 8238K, committed 8512K, reserved 1048576K
}
Event: 7.706 GC heap after
{Heap after GC invocations=24 (full 0):
 garbage-first heap   total 128000K, used 69444K [0x0000000080000000, 0x0000000100000000)
  region size 1024K, 1 young (1024K), 1 survivors (1024K)
 Metaspace       used 61228K, committed 61824K, reserved 1114112K
  class space    used 8238K, committed 8512K, reserved 1048576K
}
Event: 7.750 GC heap before
{Heap before GC invocations=24 (full 0):
 garbage-first heap   total 128000K, used 74564K [0x0000000080000000, 0x0000000100000000)
  region size 1024K, 6 young (6144K), 1 survivors (1024K)
 Metaspace       used 61716K, committed 62336K, reserved 1114112K
  class space    used 8299K, committed 8576K, reserved 1048576K
}
Event: 7.753 GC heap after
{Heap after GC invocations=25 (full 0):
 garbage-first heap   total 128000K, used 68495K [0x0000000080000000, 0x0000000100000000)
  region size 1024K, 1 young (1024K), 1 survivors (1024K)
 Metaspace       used 61716K, committed 62336K, reserved 1114112K
  class space    used 8299K, committed 8576K, reserved 1048576K
}
Event: 8.121 GC heap before
{Heap before GC invocations=25 (full 0):
 garbage-first heap   total 128000K, used 96143K [0x0000000080000000, 0x0000000100000000)
  region size 1024K, 28 young (28672K), 1 survivors (1024K)
 Metaspace       used 64592K, committed 65216K, reserved 1114112K
  class space    used 8620K, committed 8896K, reserved 1048576K
}
Event: 8.124 GC heap after
{Heap after GC invocations=26 (full 0):
 garbage-first heap   total 128000K, used 69377K [0x0000000080000000, 0x0000000100000000)
  region size 1024K, 1 young (1024K), 1 survivors (1024K)
 Metaspace       used 64592K, committed 65216K, reserved 1114112K
  class space    used 8620K, committed 8896K, reserved 1048576K
}
Event: 8.634 GC heap before
{Heap before GC invocations=27 (full 0):
 garbage-first heap   total 128000K, used 102145K [0x0000000080000000, 0x0000000100000000)
  region size 1024K, 30 young (30720K), 1 survivors (1024K)
 Metaspace       used 68763K, committed 69376K, reserved 1114112K
  class space    used 9192K, committed 9472K, reserved 1048576K
}
Event: 8.638 GC heap after
{Heap after GC invocations=28 (full 0):
 garbage-first heap   total 128000K, used 76944K [0x0000000080000000, 0x0000000100000000)
  region size 1024K, 4 young (4096K), 4 survivors (4096K)
 Metaspace       used 68763K, committed 69376K, reserved 1114112K
  class space    used 9192K, committed 9472K, reserved 1048576K
}
Event: 8.643 GC heap before
{Heap before GC invocations=28 (full 0):
 garbage-first heap   total 128000K, used 78992K [0x0000000080000000, 0x0000000100000000)
  region size 1024K, 6 young (6144K), 4 survivors (4096K)
 Metaspace       used 68763K, committed 69376K, reserved 1114112K
  class space    used 9192K, committed 9472K, reserved 1048576K
}

