# JRE version: OpenJDK Runtime Environment (11.0.12+7) (build 11.0.12+7-b1504.28-7817840)
# Java VM: OpenJDK 64-Bit Server VM (11.0.12+7-b1504.28-7817840, mixed mode, tiered, compressed oops, g1 gc, windows-amd64)
Heap:
 garbage-first heap   total 238592K, used 145313K [0x0000000080000000, 0x0000000100000000)
  region size 1024K, 13 young (13312K), 4 survivors (4096K)
 Metaspace       used 101465K, capacity 104323K, committed 104576K, reserved 1140736K
  class space    used 13076K, capacity 14110K, committed 14208K, reserved 1048576K
GC Heap History (20 events):
Event: 16.360 GC heap before
{Heap before GC invocations=39 (full 0):
 garbage-first heap   total 157696K, used 128941K [0x0000000080000000, 0x0000000100000000)
  region size 1024K, 30 young (30720K), 2 survivors (2048K)
 Metaspace       used 78788K, capacity 80719K, committed 80896K, reserved 1120256K
  class space    used 10193K, capacity 10884K, committed 11008K, reserved 1048576K
}
Event: 16.367 GC heap after
{Heap after GC invocations=40 (full 0):
 garbage-first heap   total 198656K, used 102013K [0x0000000080000000, 0x0000000100000000)
  region size 1024K, 4 young (4096K), 4 survivors (4096K)
 Metaspace       used 78788K, capacity 80719K, committed 80896K, reserved 1120256K
  class space    used 10193K, capacity 10884K, committed 11008K, reserved 1048576K
}
Event: 17.189 GC heap before
{Heap before GC invocations=40 (full 0):
 garbage-first heap   total 198656K, used 145021K [0x0000000080000000, 0x0000000100000000)
  region size 1024K, 46 young (47104K), 4 survivors (4096K)
 Metaspace       used 79661K, capacity 81761K, committed 82048K, reserved 1120256K
  class space    used 10328K, capacity 11080K, committed 11136K, reserved 1048576K
}
Event: 17.197 GC heap after
{Heap after GC invocations=41 (full 0):
 garbage-first heap   total 198656K, used 105085K [0x0000000080000000, 0x0000000100000000)
  region size 1024K, 5 young (5120K), 5 survivors (5120K)
 Metaspace       used 79661K, capacity 81761K, committed 82048K, reserved 1120256K
  class space    used 10328K, capacity 11080K, committed 11136K, reserved 1048576K
}
Event: 19.849 GC heap before
{Heap before GC invocations=42 (full 0):
 garbage-first heap   total 198656K, used 150141K [0x0000000080000000, 0x0000000100000000)
  region size 1024K, 49 young (50176K), 5 survivors (5120K)
 Metaspace       used 81269K, capacity 83593K, committed 83712K, reserved 1122304K
  class space    used 10598K, capacity 11457K, committed 11520K, reserved 1048576K
}
Event: 19.859 GC heap after
{Heap after GC invocations=43 (full 0):
 garbage-first heap   total 198656K, used 109991K [0x0000000080000000, 0x0000000100000000)
  region size 1024K, 7 young (7168K), 7 survivors (7168K)
 Metaspace       used 81269K, capacity 83593K, committed 83712K, reserved 1122304K
  class space    used 10598K, capacity 11457K, committed 11520K, reserved 1048576K
}
Event: 19.887 GC heap before
{Heap before GC invocations=43 (full 0):
 garbage-first heap   total 198656K, used 112039K [0x0000000080000000, 0x0000000100000000)
  region size 1024K, 9 young (9216K), 7 survivors (7168K)
 Metaspace       used 81322K, capacity 83644K, committed 83712K, reserved 1122304K
  class space    used 10603K, capacity 11492K, committed 11520K, reserved 1048576K
}
Event: 19.896 GC heap after
{Heap after GC invocations=44 (full 0):
 garbage-first heap   total 198656K, used 110432K [0x0000000080000000, 0x0000000100000000)
  region size 1024K, 2 young (2048K), 2 survivors (2048K)
 Metaspace       used 81322K, capacity 83644K, committed 83712K, reserved 1122304K
  class space    used 10603K, capacity 11492K, committed 11520K, reserved 1048576K
}
Event: 20.541 GC heap before
{Heap before GC invocations=44 (full 0):
 garbage-first heap   total 198656K, used 130912K [0x0000000080000000, 0x0000000100000000)
  region size 1024K, 24 young (24576K), 2 survivors (2048K)
 Metaspace       used 83887K, capacity 86225K, committed 86528K, reserved 1124352K
  class space    used 10837K, capacity 11667K, committed 11776K, reserved 1048576K
}
Event: 20.550 GC heap after
{Heap after GC invocations=45 (full 0):
 garbage-first heap   total 238592K, used 113103K [0x0000000080000000, 0x0000000100000000)
  region size 1024K, 4 young (4096K), 4 survivors (4096K)
 Metaspace       used 83887K, capacity 86225K, committed 86528K, reserved 1124352K
  class space    used 10837K, capacity 11667K, committed 11776K, reserved 1048576K
}
Event: 21.727 GC heap before
{Heap before GC invocations=46 (full 0):
 garbage-first heap   total 238592K, used 182735K [0x0000000080000000, 0x0000000100000000)
  region size 1024K, 63 young (64512K), 4 survivors (4096K)
 Metaspace       used 87516K, capacity 90147K, committed 90368K, reserved 1128448K
  class space    used 11334K, capacity 12254K, committed 12288K, reserved 1048576K
}
Event: 21.735 GC heap after
{Heap after GC invocations=47 (full 0):
 garbage-first heap   total 238592K, used 131367K [0x0000000080000000, 0x0000000100000000)
  region size 1024K, 8 young (8192K), 8 survivors (8192K)
 Metaspace       used 87516K, capacity 90147K, committed 90368K, reserved 1128448K
  class space    used 11334K, capacity 12254K, committed 12288K, reserved 1048576K
}
Event: 22.185 GC heap before
{Heap before GC invocations=47 (full 0):
 garbage-first heap   total 238592K, used 153895K [0x0000000080000000, 0x0000000100000000)
  region size 1024K, 32 young (32768K), 8 survivors (8192K)
 Metaspace       used 89860K, capacity 92505K, committed 92800K, reserved 1130496K
  class space    used 11626K, capacity 12547K, committed 12672K, reserved 1048576K
}
Event: 22.196 GC heap after
{Heap after GC invocations=48 (full 0):
 garbage-first heap   total 238592K, used 133796K [0x0000000080000000, 0x0000000100000000)
  region size 1024K, 2 young (2048K), 2 survivors (2048K)
 Metaspace       used 89860K, capacity 92505K, committed 92800K, reserved 1130496K
  class space    used 11626K, capacity 12547K, committed 12672K, reserved 1048576K
}
Event: 24.263 GC heap before
{Heap before GC invocations=49 (full 0):
 garbage-first heap   total 238592K, used 178852K [0x0000000080000000, 0x0000000100000000)
  region size 1024K, 45 young (46080K), 2 survivors (2048K)
 Metaspace       used 96172K, capacity 98804K, committed 98944K, reserved 1134592K
  class space    used 12403K, capacity 13352K, committed 13440K, reserved 1048576K
}
Event: 24.275 GC heap after
{Heap after GC invocations=50 (full 0):
 garbage-first heap   total 238592K, used 134858K [0x0000000080000000, 0x0000000100000000)
  region size 1024K, 3 young (3072K), 3 survivors (3072K)
 Metaspace       used 96172K, capacity 98804K, committed 98944K, reserved 1134592K
  class space    used 12403K, capacity 13352K, committed 13440K, reserved 1048576K
}
Event: 25.073 GC heap before
{Heap before GC invocations=50 (full 0):
 garbage-first heap   total 238592K, used 143050K [0x0000000080000000, 0x0000000100000000)
  region size 1024K, 11 young (11264K), 3 survivors (3072K)
 Metaspace       used 96826K, capacity 99436K, committed 99584K, reserved 1134592K
  class space    used 12501K, capacity 13454K, committed 13568K, reserved 1048576K
}
Event: 25.077 GC heap after
{Heap after GC invocations=51 (full 0):
 garbage-first heap   total 238592K, used 133733K [0x0000000080000000, 0x0000000100000000)
  region size 1024K, 1 young (1024K), 1 survivors (1024K)
 Metaspace       used 96826K, capacity 99436K, committed 99584K, reserved 1134592K
  class space    used 12501K, capacity 13454K, committed 13568K, reserved 1048576K
}
Event: 26.726 GC heap before
{Heap before GC invocations=51 (full 0):
 garbage-first heap   total 238592K, used 180837K [0x0000000080000000, 0x0000000100000000)
  region size 1024K, 47 young (48128K), 1 survivors (1024K)
 Metaspace       used 100993K, capacity 103886K, committed 103936K, reserved 1138688K
  class space    used 13023K, capacity 14074K, committed 14080K, reserved 1048576K
}
Event: 26.731 GC heap after
{Heap after GC invocations=52 (full 0):
 garbage-first heap   total 238592K, used 137121K [0x0000000080000000, 0x0000000100000000)
  region size 1024K, 4 young (4096K), 4 survivors (4096K)
 Metaspace       used 100993K, capacity 103886K, committed 103936K, reserved 1138688K
  class space    used 13023K, capacity 14074K, committed 14080K, reserved 1048576K
}

