# JRE version: OpenJDK Runtime Environment (17.0.7) (build 17.0.7+0-b2043.56-10550314)
# Java VM: OpenJDK 64-Bit Server VM (17.0.7+0-b2043.56-10550314, mixed mode, tiered, compressed oops, compressed class ptrs, g1 gc, windows-amd64)
GC Precious Log:
 CPUs: 4 total, 4 available
 Memory: 8099M
 Large Page Support: Disabled
 NUMA Support: Disabled
 Compressed Oops: Enabled (32-bit)
 Heap Region Size: 1M
 Heap Min Capacity: 8M
 Heap Initial Capacity: 128M
 Heap Max Capacity: 2G
 Pre-touch: Disabled
 Parallel Workers: 4
 Concurrent Workers: 1
 Concurrent Refinement Workers: 4
 Periodic GC: Disabled
Heap:
 garbage-first heap   total 131072K, used 82727K [0x0000000080000000, 0x0000000100000000)
  region size 1024K, 3 young (3072K), 3 survivors (3072K)
 Metaspace       used 70350K, committed 70912K, reserved 1114112K
  class space    used 9412K, committed 9664K, reserved 1048576K
GC Heap History (20 events):
Event: 8.436 GC heap after
{Heap after GC invocations=18 (full 0):
 garbage-first heap   total 82944K, used 46408K [0x0000000080000000, 0x0000000100000000)
  region size 1024K, 4 young (4096K), 4 survivors (4096K)
 Metaspace       used 56729K, committed 57280K, reserved 1114112K
  class space    used 7657K, committed 7872K, reserved 1048576K
}
Event: 8.534 GC heap before
{Heap before GC invocations=19 (full 0):
 garbage-first heap   total 86016K, used 52552K [0x0000000080000000, 0x0000000100000000)
  region size 1024K, 11 young (11264K), 4 survivors (4096K)
 Metaspace       used 56915K, committed 57536K, reserved 1114112K
  class space    used 7684K, committed 8000K, reserved 1048576K
}
Event: 8.538 GC heap after
{Heap after GC invocations=20 (full 0):
 garbage-first heap   total 86016K, used 47960K [0x0000000080000000, 0x0000000100000000)
  region size 1024K, 1 young (1024K), 1 survivors (1024K)
 Metaspace       used 56915K, committed 57536K, reserved 1114112K
  class space    used 7684K, committed 8000K, reserved 1048576K
}
Event: 8.870 GC heap before
{Heap before GC invocations=21 (full 0):
 garbage-first heap   total 97280K, used 79704K [0x0000000080000000, 0x0000000100000000)
  region size 1024K, 20 young (20480K), 1 survivors (1024K)
 Metaspace       used 57727K, committed 58304K, reserved 1114112K
  class space    used 7786K, committed 8064K, reserved 1048576K
}
Event: 8.873 GC heap after
{Heap after GC invocations=22 (full 0):
 garbage-first heap   total 97280K, used 67866K [0x0000000080000000, 0x0000000100000000)
  region size 1024K, 3 young (3072K), 3 survivors (3072K)
 Metaspace       used 57727K, committed 58304K, reserved 1114112K
  class space    used 7786K, committed 8064K, reserved 1048576K
}
Event: 8.882 GC heap before
{Heap before GC invocations=22 (full 0):
 garbage-first heap   total 97280K, used 67866K [0x0000000080000000, 0x0000000100000000)
  region size 1024K, 4 young (4096K), 3 survivors (3072K)
 Metaspace       used 57787K, committed 58368K, reserved 1114112K
  class space    used 7792K, committed 8064K, reserved 1048576K
}
Event: 8.884 GC heap after
{Heap after GC invocations=23 (full 0):
 garbage-first heap   total 116736K, used 68338K [0x0000000080000000, 0x0000000100000000)
  region size 1024K, 1 young (1024K), 1 survivors (1024K)
 Metaspace       used 57787K, committed 58368K, reserved 1114112K
  class space    used 7792K, committed 8064K, reserved 1048576K
}
Event: 9.155 GC heap before
{Heap before GC invocations=23 (full 0):
 garbage-first heap   total 116736K, used 87794K [0x0000000080000000, 0x0000000100000000)
  region size 1024K, 21 young (21504K), 1 survivors (1024K)
 Metaspace       used 59429K, committed 59968K, reserved 1114112K
  class space    used 8048K, committed 8320K, reserved 1048576K
}
Event: 9.156 GC heap after
{Heap after GC invocations=24 (full 0):
 garbage-first heap   total 116736K, used 69310K [0x0000000080000000, 0x0000000100000000)
  region size 1024K, 2 young (2048K), 2 survivors (2048K)
 Metaspace       used 59429K, committed 59968K, reserved 1114112K
  class space    used 8048K, committed 8320K, reserved 1048576K
}
Event: 9.497 GC heap before
{Heap before GC invocations=25 (full 0):
 garbage-first heap   total 128000K, used 89790K [0x0000000080000000, 0x0000000100000000)
  region size 1024K, 22 young (22528K), 2 survivors (2048K)
 Metaspace       used 61489K, committed 62080K, reserved 1114112K
  class space    used 8275K, committed 8576K, reserved 1048576K
}
Event: 9.499 GC heap after
{Heap after GC invocations=26 (full 0):
 garbage-first heap   total 128000K, used 70156K [0x0000000080000000, 0x0000000100000000)
  region size 1024K, 3 young (3072K), 3 survivors (3072K)
 Metaspace       used 61489K, committed 62080K, reserved 1114112K
  class space    used 8275K, committed 8576K, reserved 1048576K
}
Event: 9.530 GC heap before
{Heap before GC invocations=26 (full 0):
 garbage-first heap   total 128000K, used 72204K [0x0000000080000000, 0x0000000100000000)
  region size 1024K, 6 young (6144K), 3 survivors (3072K)
 Metaspace       used 61770K, committed 62336K, reserved 1114112K
  class space    used 8317K, committed 8576K, reserved 1048576K
}
Event: 9.532 GC heap after
{Heap after GC invocations=27 (full 0):
 garbage-first heap   total 128000K, used 69543K [0x0000000080000000, 0x0000000100000000)
  region size 1024K, 1 young (1024K), 1 survivors (1024K)
 Metaspace       used 61770K, committed 62336K, reserved 1114112K
  class space    used 8317K, committed 8576K, reserved 1048576K
}
Event: 9.885 GC heap before
{Heap before GC invocations=27 (full 0):
 garbage-first heap   total 128000K, used 98215K [0x0000000080000000, 0x0000000100000000)
  region size 1024K, 29 young (29696K), 1 survivors (1024K)
 Metaspace       used 64837K, committed 65408K, reserved 1114112K
  class space    used 8678K, committed 8960K, reserved 1048576K
}
Event: 9.887 GC heap after
{Heap after GC invocations=28 (full 0):
 garbage-first heap   total 128000K, used 70435K [0x0000000080000000, 0x0000000100000000)
  region size 1024K, 2 young (2048K), 2 survivors (2048K)
 Metaspace       used 64837K, committed 65408K, reserved 1114112K
  class space    used 8678K, committed 8960K, reserved 1048576K
}
Event: 10.403 GC heap before
{Heap before GC invocations=29 (full 0):
 garbage-first heap   total 128000K, used 104227K [0x0000000080000000, 0x0000000100000000)
  region size 1024K, 31 young (31744K), 2 survivors (2048K)
 Metaspace       used 68781K, committed 69376K, reserved 1114112K
  class space    used 9200K, committed 9472K, reserved 1048576K
}
Event: 10.410 GC heap after
{Heap after GC invocations=30 (full 0):
 garbage-first heap   total 128000K, used 78745K [0x0000000080000000, 0x0000000100000000)
  region size 1024K, 4 young (4096K), 4 survivors (4096K)
 Metaspace       used 68781K, committed 69376K, reserved 1114112K
  class space    used 9200K, committed 9472K, reserved 1048576K
}
Event: 10.421 GC heap before
{Heap before GC invocations=30 (full 0):
 garbage-first heap   total 128000K, used 79769K [0x0000000080000000, 0x0000000100000000)
  region size 1024K, 6 young (6144K), 4 survivors (4096K)
 Metaspace       used 68785K, committed 69376K, reserved 1114112K
  class space    used 9200K, committed 9472K, reserved 1048576K
}
Event: 10.425 GC heap after
{Heap after GC invocations=31 (full 0):
 garbage-first heap   total 128000K, used 79867K [0x0000000080000000, 0x0000000100000000)
  region size 1024K, 1 young (1024K), 1 survivors (1024K)
 Metaspace       used 68785K, committed 69376K, reserved 1114112K
  class space    used 9200K, committed 9472K, reserved 1048576K
}
Event: 10.653 GC heap before
{Heap before GC invocations=31 (full 0):
 garbage-first heap   total 128000K, used 104443K [0x0000000080000000, 0x0000000100000000)
  region size 1024K, 23 young (23552K), 1 survivors (1024K)
 Metaspace       used 70350K, committed 70912K, reserved 1114112K
  class space    used 9412K, committed 9664K, reserved 1048576K
}

